-------------------------------------------------------------------------------
Test set: com.service.thinkProAccount.ThinkProAccountApplicationTests
-------------------------------------------------------------------------------
Tests run: 1, Failures: 0, Errors: 1, Skipped: 0, Time elapsed: 0.912 s <<< FAILURE! - in com.service.thinkProAccount.ThinkProAccountApplicationTests
initializationError(com.service.thinkProAccount.ThinkProAccountApplicationTests)  Time elapsed: 0.007 s  <<< ERROR!
java.lang.Exception: No runnable methods

